<?xml version="1.0" encoding="UTF-8"?>
<!-- Generated by org.testng.reporters.JUnitXMLReporter -->
<testsuite ignored="2" hostname="st-Precision-3530" failures="0" tests="4" name="Default test" time="8.426" errors="0" timestamp="2023-10-02T12:52:01 IST">
  <testcase classname="com.Tcarts_FPO.Settings" name="setUp" time="1.303"/>
  <testcase classname="com.Tcarts_FPO.Settings" name="settings" time="0.001"/>
  <testcase classname="com.Tcarts_FPO.Settings" name="logIn" time="2.129"/>
  <testcase classname="com.Tcarts_FPO.Settings" name="holidays" time="4.973"/>
  <testcase classname="com.Tcarts_FPO.Settings" name="dishes" time="0.0">
    <ignored/>
  </testcase> <!-- dishes -->
  <testcase classname="com.Tcarts_FPO.Settings" name="canteen" time="0.0">
    <ignored/>
  </testcase> <!-- canteen -->
</testsuite> <!-- Default test -->
